Starting server in dev environment on port 7666...
Using resources from: /home/user98/Documents/ao-java/ao-go-server/resources
2026/01/25 10:22:32 INFO Starting resource loading...
2026/01/25 10:22:32 WARN Skipping invalid object section section=INIT
2026/01/25 10:22:32 INFO Successfully loaded objects count=1049
2026/01/25 10:22:32 INFO Successfully loaded NPCs count=316
2026/01/25 10:22:32 INFO Loading cities from data file...
2026/01/25 10:22:32 INFO Successfully loaded cities count=7
2026/01/25 10:22:32 INFO Successfully loaded spells count=50
2026/01/25 10:22:32 INFO Successfully loaded maps.
2026/01/25 10:22:32 INFO All resources loaded duration=159.625874ms
2026/01/25 10:22:32 INFO Admin API listening addr=:7667
2026/01/25 10:22:32 INFO AO Go Server listening addr=:7666
2026/01/25 10:22:53 INFO Connecting existing character nick=pepe
2026/01/25 10:22:53 INFO User logged in name=pepe pos="{X:39 Y:57 Map:34}" privs=3
User pepe requested UseSkill for Skill ID: 1
UseSkillClick: User pepe, Skill 1 at 32,60
CastSpell: Target is Character pepe. Spell Type: 3
User pepe requested UseSkill for Skill ID: 1
UseSkillClick: User pepe, Skill 1 at 32,70
CastSpell: Target is Character pepe. Spell Type: 3
User pepe requested UseSkill for Skill ID: 1
User pepe requested UseSkill for Skill ID: 1
UseSkillClick: User pepe, Skill 1 at 33,73
CastSpell: Target is Position. Spell Type: 3
CastSpell: Invalid target type for Position
DoubleClick from pepe at 32,69 (Raw: 33,70)
User pepe requested UseSkill for Skill ID: 1
UseSkillClick: User pepe, Skill 1 at 33,59
CastSpell: Target is Character pepe. Spell Type: 3
User pepe requested UseSkill for Skill ID: 1
UseSkillClick: User pepe, Skill 1 at 34,56
CastSpell: Target is Position. Spell Type: 3
CastSpell: Invalid target type for Position
User pepe requested UseSkill for Skill ID: 1
UseSkillClick: User pepe, Skill 1 at 31,68
CastSpell: Target is Character pepe. Spell Type: 3
User pepe requested UseSkill for Skill ID: 1
UseSkillClick: User pepe, Skill 1 at 31,74
CastSpell: Target is Character pepe. Spell Type: 3
User pepe requested UseSkill for Skill ID: 1
UseSkillClick: User pepe, Skill 1 at 13,90
CastSpell: Target is Character pepe. Spell Type: 3
User pepe requested UseSkill for Skill ID: 1
UseSkillClick: User pepe, Skill 1 at 10,77
CastSpell: Target is Character pepe. Spell Type: 3
User pepe requested UseSkill for Skill ID: 1
UseSkillClick: User pepe, Skill 1 at 12,74
CastSpell: Target is Character pepe. Spell Type: 3
User pepe requested UseSkill for Skill ID: 1
UseSkillClick: User pepe, Skill 1 at 22,73
CastSpell: Target is Position. Spell Type: 3
CastSpell: Invalid target type for Position
2026/01/25 10:24:52 ERROR Read error error="read tcp 127.0.0.1:7666->127.0.0.1:52366: use of closed network connection"
2026/01/25 10:24:52 INFO User disconnected, saving... name=pepe
2026/01/25 10:25:50 INFO Shutting down server...
